#
# A fatal error has been detected by the Java Runtime Environment:
#
#  SIGSEGV (0xb) at pc=0x0000000103769e32, pid=76245, tid=0x0000000000000307
#
# JRE version: Java(TM) SE Runtime Environment (8.0_121-b13) (build 1.8.0_121-b13)
# Java VM: Java HotSpot(TM) 64-Bit Server VM (25.121-b13 mixed mode bsd-amd64 compressed oops)
# Problematic frame:
# V  [libjvm.dylib+0x169e32]  ThreadStateTransition::trans_from_native(JavaThreadState)+0xa
#
# Failed to write core dump. Core dumps have been disabled. To enable core dumping, try "ulimit -c unlimited" before starting Java again
#
# If you would like to submit a bug report, please visit:
#   http://bugreport.java.com/bugreport/crash.jsp
#

---------------  T H R E A D  ---------------

Current thread is native thread

siginfo: si_signo: 11 (SIGSEGV), si_code: 1 (SEGV_MAPERR), si_addr: 0x0000000000000270

Registers:
RAX=0x0000000000000000, RBX=0x0000000000000000, RCX=0x0000000103e2f490, RDX=0x0000000000000000
RSP=0x00007ffeece58eb0, RBP=0x00007ffeece58ec0, RSI=0x0000000000000006, RDI=0x00007ffeece58ed0
R8 =0x0000000000000000, R9 =0x0000000000000000, R10=0x00007fffa8e50ed8, R11=0x00007fdc6b668670
R12=0x00007fdc6a9201f8, R13=0x00007fdc6b201570, R14=0x00007fdc6c24b7c0, R15=0x00007fdc6a9201f8
RIP=0x0000000103769e32, EFLAGS=0x0000000000010246, ERR=0x0000000000000006
  TRAPNO=0x000000000000000e

Top of Stack: (sp=0x00007ffeece58eb0)
0x00007ffeece58eb0:   0000000000000000 00007fdc6c24b7c0
0x00007ffeece58ec0:   00007ffeece58ef0 000000010391416a
0x00007ffeece58ed0:   0000000000000000 00007fdc6b7702a0
0x00007ffeece58ee0:   0000000000000008 00007fdc68eee570
0x00007ffeece58ef0:   00007ffeece58f10 00007fff51416ed1
0x00007ffeece58f00:   00007fdc6a9201f8 00007fdc69e93400
0x00007ffeece58f10:   00007ffeece58f30 00007fff51416ce4
0x00007ffeece58f20:   00007fdc6b770200 00007fdc68fc17f0
0x00007ffeece58f30:   00007ffeece58f90 0000000120777e6b
0x00007ffeece58f40:   00007fff4b4ffc85 0000000000000000
0x00007ffeece58f50:   4112ed7ca69d8913 00007fdc69e93400
0x00007ffeece58f60:   00007ffeece58f90 00007fff77a40680
0x00007ffeece58f70:   00007fdc68eee570 00007fdc6b201570
0x00007ffeece58f80:   00007fdc6b42a750 00007fdc69e93400
0x00007ffeece58f90:   00007ffeece59040 00007fff57e0e8a9
0x00007ffeece58fa0:   0000000000000000 0000000000000000
0x00007ffeece58fb0:   00007fdc68eee570 0000000000000000
0x00007ffeece58fc0:   000000046a93ea00 0000000000000000
0x00007ffeece58fd0:   4112ed7ca69d8913 00007fdc68eee570
0x00007ffeece58fe0:   00007fdc68eee570 0000000000000000
0x00007ffeece58ff0:   0000000000000000 00007ffeece59018
0x00007ffeece59000:   00007ffeece59040 00007fff57e0e0d1
0x00007ffeece59010:   2ad573d5805400cd 00007fff77a40680
0x00007ffeece59020:   0000000000000004 0000000000000000
0x00007ffeece59030:   00007fdc68eee570 00007fff4b4ffc85
0x00007ffeece59040:   00007ffeece590c0 00007fff57e0dea1
0x00007ffeece59050:   0001403600000000 406fc00000000000
0x00007ffeece59060:   4081400000000000 3ff0000000000000
0x00007ffeece59070:   0000000000000000 0000000000000000
0x00007ffeece59080:   4081400000000000 406fc00000000000
0x00007ffeece59090:   2ad573d5805400cd 00007ffeece59190
0x00007ffeece590a0:   00007fdc6b301150 00007fff77a40680 

Instructions: (pc=0x0000000103769e32)
0x0000000103769e12:   0e 48 8b 0b 49 8b 56 18 48 63 c0 48 89 0c c2 5b
0x0000000103769e22:   41 5e 5d c3 90 90 55 48 89 e5 41 56 53 48 8b 1f
0x0000000103769e32:   c7 83 70 02 00 00 05 00 00 00 48 8d 05 85 64 78
0x0000000103769e42:   00 8b 00 83 f8 01 41 89 f6 75 0c 48 8d 0d d2 cf 

Register to memory mapping:

RAX=0x0000000000000000 is an unknown value
RBX=0x0000000000000000 is an unknown value
RCX=0x0000000103e2f490: jni_NativeInterface+0 in /Library/Java/JavaVirtualMachines/jdk1.8.0_121.jdk/Contents/Home/jre/lib/server/libjvm.dylib at 0x0000000103600000
RDX=0x0000000000000000 is an unknown value
RSP=0x00007ffeece58eb0 is an unknown value
RBP=0x00007ffeece58ec0 is an unknown value
RSI=0x0000000000000006 is an unknown value
RDI=0x00007ffeece58ed0 is an unknown value
R8 =0x0000000000000000 is an unknown value
R9 =0x0000000000000000 is an unknown value
R10=0x00007fffa8e50ed8: OBJC_CLASS_$_JNFWeakJObjectWrapper+0 in /System/Library/Frameworks/JavaVM.framework/Versions/A/Frameworks/JavaNativeFoundation.framework/Versions/A/JavaNativeFoundation at 0x00007fff51410000
R11=0x00007fdc6b668670 is an unknown value
R12=0x00007fdc6a9201f8 is an unknown value
R13=0x00007fdc6b201570 is an unknown value
R14=0x00007fdc6c24b7c0 is a weak global jni handle
R15=0x00007fdc6a9201f8 is an unknown value


Stack: [0x00007ffeec65d000,0x00007ffeece5d000],  sp=0x00007ffeece58eb0,  free space=8175k
Native frames: (J=compiled Java code, j=interpreted, Vv=VM code, C=native code)
V  [libjvm.dylib+0x169e32]  ThreadStateTransition::trans_from_native(JavaThreadState)+0xa
V  [libjvm.dylib+0x31416a]  jni_IsSameObject+0x30
C  [JavaNativeFoundation+0x6ed1]  -[JNFWeakJObjectWrapper _getWithEnv:]+0x26
C  [JavaNativeFoundation+0x6ce4]  -[JNFJObjectWrapper jObjectWithEnv:]+0x16
C  [libawt_lwawt.dylib+0x1ae6b]  -[CGLLayer drawInCGLContext:pixelFormat:forLayerTime:displayTime:]+0xa4
C  [QuartzCore+0xb38a9]  CAOpenGLLayerDraw(CAOpenGLLayer*, double, CVTimeStamp const*, unsigned int)+0x79d
C  [QuartzCore+0xb2ea1]  -[CAOpenGLLayer _display]+0x244
C  [QuartzCore+0x15055]  CA::Layer::display_if_needed(CA::Transaction*)+0x273
C  [QuartzCore+0x327a]  CA::Context::commit_transaction(CA::Transaction*)+0x156
C  [QuartzCore+0x28c2]  CA::Transaction::commit()+0x24c
C  [QuartzCore+0x25ca]  CA::Transaction::observer_callback(__CFRunLoopObserver*, unsigned long, void*)+0x42
C  [CoreFoundation+0x98928]  __CFRUNLOOP_IS_CALLING_OUT_TO_AN_OBSERVER_CALLBACK_FUNCTION__+0x17
C  [CoreFoundation+0x9885d]  __CFRunLoopDoObservers+0x1c3
C  [CoreFoundation+0x3b0a7]  __CFRunLoopRun+0x597
C  [CoreFoundation+0x3a8be]  CFRunLoopRunSpecific+0x1c7
C  [java+0x6465]  CreateExecutionEnvironment+0x367
C  [java+0x218c]  JLI_Launch+0x7a0
C  [java+0x84c2]  main+0x65
C  [java+0x19e4]  start+0x34


---------------  P R O C E S S  ---------------

VM state:not at safepoint (normal execution)

VM Mutex/Monitor currently owned by a thread: None

Heap:
 PSYoungGen      total 38400K, used 23817K [0x0000000795580000, 0x0000000798000000, 0x00000007c0000000)
  eden space 33280K, 71% used [0x0000000795580000,0x0000000796cc2488,0x0000000797600000)
  from space 5120K, 0% used [0x0000000797b00000,0x0000000797b00000,0x0000000798000000)
  to   space 5120K, 0% used [0x0000000797600000,0x0000000797600000,0x0000000797b00000)
 ParOldGen       total 58880K, used 15599K [0x0000000740000000, 0x0000000743980000, 0x0000000795580000)
  object space 58880K, 26% used [0x0000000740000000,0x0000000740f3bef0,0x0000000743980000)
 Metaspace       used 21868K, capacity 22652K, committed 22912K, reserved 1069056K
  class space    used 2884K, capacity 3089K, committed 3200K, reserved 1048576K

Card table byte_map: [0x00000001049d7000,0x0000000104dd8000] byte_map_base: 0x0000000100fd7000

Marking Bits: (ParMarkBitMap*) 0x0000000103ef0d30
 Begin Bits: [0x0000000116d9a000, 0x0000000118d9a000)
 End Bits:   [0x0000000118d9a000, 0x000000011ad9a000)

Polling page: 0x0000000102de6000

CodeCache: size=245760Kb used=10573Kb max_used=10573Kb free=235186Kb
 bounds [0x0000000107d9a000, 0x00000001087fa000, 0x0000000116d9a000]
 total_blobs=4246 nmethods=3429 adapters=729
 compilation: enabled

Compilation events (10 events):
Event: 59.939 Thread 0x00007fdc6983b800 3727       3       java.lang.invoke.MethodHandleNatives::canBeCalledVirtual (132 bytes)
Event: 59.941 Thread 0x00007fdc6983b800 nmethod 3727 0x00000001087e2f10 code [0x00000001087e3100, 0x00000001087e3a38]
Event: 59.942 Thread 0x00007fdc6983b800 3728       3       java.lang.invoke.MethodHandle::setVarargs (38 bytes)
Event: 59.944 Thread 0x00007fdc6983b800 nmethod 3728 0x0000000108138450 code [0x0000000108138640, 0x0000000108139108]
Event: 59.944 Thread 0x00007fdc6983b800 3729       3       java.lang.invoke.MemberName::isVarargs (23 bytes)
Event: 59.945 Thread 0x00007fdc6983b800 nmethod 3729 0x00000001087e2690 code [0x00000001087e2820, 0x00000001087e2d90]
Event: 59.945 Thread 0x00007fdc6983b800 3730       3       java.lang.invoke.MethodHandles$Lookup::checkMethod (83 bytes)
Event: 59.945 Thread 0x00007fdc6983b800 nmethod 3730 0x00000001087f7c10 code [0x00000001087f7e00, 0x00000001087f8838]
Event: 59.946 Thread 0x00007fdc6983b800 3731       3       java.lang.invoke.MethodHandles$Lookup::maybeBindCaller (44 bytes)
Event: 59.946 Thread 0x00007fdc6983b800 nmethod 3731 0x00000001087f8b90 code [0x00000001087f8d80, 0x00000001087f96f8]

GC Heap History (6 events):
Event: 9.713 GC heap before
{Heap before GC invocations=1 (full 0):
 PSYoungGen      total 38400K, used 33280K [0x0000000795580000, 0x0000000798000000, 0x00000007c0000000)
  eden space 33280K, 100% used [0x0000000795580000,0x0000000797600000,0x0000000797600000)
  from space 5120K, 0% used [0x0000000797b00000,0x0000000797b00000,0x0000000798000000)
  to   space 5120K, 0% used [0x0000000797600000,0x0000000797600000,0x0000000797b00000)
 ParOldGen       total 87552K, used 0K [0x0000000740000000, 0x0000000745580000, 0x0000000795580000)
  object space 87552K, 0% used [0x0000000740000000,0x0000000740000000,0x0000000745580000)
 Metaspace       used 13823K, capacity 14590K, committed 14720K, reserved 1062912K
  class space    used 1961K, capacity 2136K, committed 2176K, reserved 1048576K
Event: 9.728 GC heap after
Heap after GC invocations=1 (full 0):
 PSYoungGen      total 38400K, used 4944K [0x0000000795580000, 0x0000000798000000, 0x00000007c0000000)
  eden space 33280K, 0% used [0x0000000795580000,0x0000000795580000,0x0000000797600000)
  from space 5120K, 96% used [0x0000000797600000,0x0000000797ad4040,0x0000000797b00000)
  to   space 5120K, 0% used [0x0000000797b00000,0x0000000797b00000,0x0000000798000000)
 ParOldGen       total 87552K, used 4112K [0x0000000740000000, 0x0000000745580000, 0x0000000795580000)
  object space 87552K, 4% used [0x0000000740000000,0x0000000740404020,0x0000000745580000)
 Metaspace       used 13823K, capacity 14590K, committed 14720K, reserved 1062912K
  class space    used 1961K, capacity 2136K, committed 2176K, reserved 1048576K
}
Event: 15.071 GC heap before
{Heap before GC invocations=2 (full 0):
 PSYoungGen      total 38400K, used 23880K [0x0000000795580000, 0x0000000798000000, 0x00000007c0000000)
  eden space 33280K, 56% used [0x0000000795580000,0x00000007967fe260,0x0000000797600000)
  from space 5120K, 96% used [0x0000000797600000,0x0000000797ad4040,0x0000000797b00000)
  to   space 5120K, 0% used [0x0000000797b00000,0x0000000797b00000,0x0000000798000000)
 ParOldGen       total 87552K, used 4112K [0x0000000740000000, 0x0000000745580000, 0x0000000795580000)
  object space 87552K, 4% used [0x0000000740000000,0x0000000740404020,0x0000000745580000)
 Metaspace       used 20276K, capacity 21000K, committed 21248K, reserved 1067008K
  class space    used 2788K, capacity 2977K, committed 3072K, reserved 1048576K
Event: 15.101 GC heap after
Heap after GC invocations=2 (full 0):
 PSYoungGen      total 38400K, used 5096K [0x0000000795580000, 0x0000000798000000, 0x00000007c0000000)
  eden space 33280K, 0% used [0x0000000795580000,0x0000000795580000,0x0000000797600000)
  from space 5120K, 99% used [0x0000000797b00000,0x0000000797ffa3f8,0x0000000798000000)
  to   space 5120K, 0% used [0x0000000797600000,0x0000000797600000,0x0000000797b00000)
 ParOldGen       total 87552K, used 12846K [0x0000000740000000, 0x0000000745580000, 0x0000000795580000)
  object space 87552K, 14% used [0x0000000740000000,0x0000000740c8b8a0,0x0000000745580000)
 Metaspace       used 20276K, capacity 21000K, committed 21248K, reserved 1067008K
  class space    used 2788K, capacity 2977K, committed 3072K, reserved 1048576K
}
Event: 15.102 GC heap before
{Heap before GC invocations=3 (full 1):
 PSYoungGen      total 38400K, used 5096K [0x0000000795580000, 0x0000000798000000, 0x00000007c0000000)
  eden space 33280K, 0% used [0x0000000795580000,0x0000000795580000,0x0000000797600000)
  from space 5120K, 99% used [0x0000000797b00000,0x0000000797ffa3f8,0x0000000798000000)
  to   space 5120K, 0% used [0x0000000797600000,0x0000000797600000,0x0000000797b00000)
 ParOldGen       total 87552K, used 12846K [0x0000000740000000, 0x0000000745580000, 0x0000000795580000)
  object space 87552K, 14% used [0x0000000740000000,0x0000000740c8b8a0,0x0000000745580000)
 Metaspace       used 20276K, capacity 21000K, committed 21248K, reserved 1067008K
  class space    used 2788K, capacity 2977K, committed 3072K, reserved 1048576K
Event: 15.194 GC heap after
Heap after GC invocations=3 (full 1):
 PSYoungGen      total 38400K, used 0K [0x0000000795580000, 0x0000000798000000, 0x00000007c0000000)
  eden space 33280K, 0% used [0x0000000795580000,0x0000000795580000,0x0000000797600000)
  from space 5120K, 0% used [0x0000000797b00000,0x0000000797b00000,0x0000000798000000)
  to   space 5120K, 0% used [0x0000000797600000,0x0000000797600000,0x0000000797b00000)
 ParOldGen       total 58880K, used 15599K [0x0000000740000000, 0x0000000743980000, 0x0000000795580000)
  object space 58880K, 26% used [0x0000000740000000,0x0000000740f3bef0,0x0000000743980000)
 Metaspace       used 20276K, capacity 21000K, committed 21248K, reserved 1067008K
  class space    used 2788K, capacity 2977K, committed 3072K, reserved 1048576K
}

Deoptimization events (10 events):
Event: 9.968 Thread 0x00007fdc6a920000 Uncommon trap: reason=unstable_if action=reinterpret pc=0x00000001080184e8 method=java.lang.String.indexOf([CII[CIII)I @ 3
Event: 10.067 Thread 0x00007fdc6a920000 Uncommon trap: reason=array_check action=maybe_recompile pc=0x00000001082e88d0 method=com.sun.javafx.css.SimpleSelector.applies(Ljavafx/css/Styleable;[Ljava/util/Set;I)Z @ 37
Event: 10.067 Thread 0x00007fdc6a920000 Uncommon trap: reason=array_check action=maybe_recompile pc=0x00000001082e88d0 method=com.sun.javafx.css.SimpleSelector.applies(Ljavafx/css/Styleable;[Ljava/util/Set;I)Z @ 37
Event: 10.067 Thread 0x00007fdc6a920000 Uncommon trap: reason=array_check action=maybe_recompile pc=0x00000001082e88d0 method=com.sun.javafx.css.SimpleSelector.applies(Ljavafx/css/Styleable;[Ljava/util/Set;I)Z @ 37
Event: 10.067 Thread 0x00007fdc6a920000 Uncommon trap: reason=array_check action=maybe_recompile pc=0x00000001082e88d0 method=com.sun.javafx.css.SimpleSelector.applies(Ljavafx/css/Styleable;[Ljava/util/Set;I)Z @ 37
Event: 14.934 Thread 0x00007fdc69b4d000 Uncommon trap: reason=unstable_if action=reinterpret pc=0x0000000108096848 method=java.lang.AbstractStringBuilder.append(Ljava/lang/String;)Ljava/lang/AbstractStringBuilder; @ 1
Event: 14.935 Thread 0x00007fdc69b4d000 Uncommon trap: reason=unstable_if action=reinterpret pc=0x0000000107fa2ed4 method=java.lang.AbstractStringBuilder.append(Ljava/lang/String;)Ljava/lang/AbstractStringBuilder; @ 1
Event: 33.996 Thread 0x00007fdc69a49000 Uncommon trap: reason=unstable_if action=reinterpret pc=0x000000010858d944 method=java.awt.Component.inside(II)Z @ 21
Event: 35.724 Thread 0x00007fdc6a920000 Uncommon trap: reason=unstable_if action=reinterpret pc=0x00000001085a3f54 method=java.security.AccessControlContext.optimize()Ljava/security/AccessControlContext; @ 220
Event: 59.944 Thread 0x00007fdc6a191800 Uncommon trap: reason=unstable_if action=reinterpret pc=0x00000001087386f8 method=java.security.AccessControlContext.optimize()Ljava/security/AccessControlContext; @ 49

Internal exceptions (10 events):
Event: 0.907 Thread 0x00007fdc6a920000 Exception <a 'java/lang/NullPointerException'> (0x0000000795ffe3a8) thrown at [/Users/java_re/workspace/8-2-build-macosx-x86_64/jdk8u121/8372/hotspot/src/share/vm/prims/jvm.cpp, line 1394]
Event: 1.379 Thread 0x00007fdc6a920000 Implicit null exception at 0x0000000107fcafb5 to 0x0000000107fcb1ad
Event: 9.933 Thread 0x00007fdc6a920000 Implicit null exception at 0x0000000108230391 to 0x0000000108230945
Event: 11.517 Thread 0x00007fdc69b4d000 Exception <a 'java/io/FileNotFoundException'> (0x0000000795782b40) thrown at [/Users/java_re/workspace/8-2-build-macosx-x86_64/jdk8u121/8372/hotspot/src/share/vm/prims/jni.cpp, line 709]
Event: 11.517 Thread 0x00007fdc69b4d000 Exception <a 'java/io/FileNotFoundException'> (0x00000007957836c0) thrown at [/Users/java_re/workspace/8-2-build-macosx-x86_64/jdk8u121/8372/hotspot/src/share/vm/prims/jni.cpp, line 709]
Event: 14.934 Thread 0x00007fdc69b4d000 Implicit null exception at 0x0000000108096475 to 0x0000000108096835
Event: 14.935 Thread 0x00007fdc69b4d000 Implicit null exception at 0x0000000107fa2af6 to 0x0000000107fa2ebd
Event: 15.212 Thread 0x00007fdc6a00c000 Exception <a 'java/lang/NullPointerException'> (0x0000000795670678) thrown at [/Users/java_re/workspace/8-2-build-macosx-x86_64/jdk8u121/8372/hotspot/src/share/vm/interpreter/linkResolver.cpp, line 1178]
Event: 15.212 Thread 0x00007fdc6a00c000 Exception <a 'java/lang/NullPointerException'> (0x0000000795670880) thrown at [/Users/java_re/workspace/8-2-build-macosx-x86_64/jdk8u121/8372/hotspot/src/share/vm/interpreter/linkResolver.cpp, line 1178]
Event: 59.944 Thread 0x00007fdc6a191800 Implicit null exception at 0x0000000108738134 to 0x00000001087386e5

Events (10 events):
Event: 59.943 loading class com/sun/javafx/tk/quantum/QuantumToolkit
Event: 59.943 loading class com/sun/javafx/tk/quantum/QuantumToolkit done
Event: 59.943 Thread 0x00007fdc69990000 Thread exited: 0x00007fdc69990000
Event: 59.944 Thread 0x00007fdc6a191800 Thread exited: 0x00007fdc6a191800
Event: 59.944 Thread 0x00007fdc69002000 Thread exited: 0x00007fdc69002000
Event: 59.944 Thread 0x00007fdc6a191800 Thread added: 0x00007fdc6a191800
Event: 59.944 Thread 0x00007fdc6a191800 Uncommon trap: trap_request=0xffffff65 fr.pc=0x00000001087386f8
Event: 59.944 Thread 0x00007fdc6a920000 Thread exited: 0x00007fdc6a920000
Event: 59.944 Thread 0x00007fdc6a191800 DEOPT PACKING pc=0x00000001087386f8 sp=0x000070000f5bc720
Event: 59.944 Thread 0x00007fdc6a191800 DEOPT UNPACKING pc=0x0000000107d9f229 sp=0x000070000f5bc6d8 mode 2


Dynamic libraries:
0x00000000219f5000 	/System/Library/Frameworks/Cocoa.framework/Versions/A/Cocoa
0x00000000219f5000 	/System/Library/Frameworks/Security.framework/Versions/A/Security
0x00000000219f5000 	/System/Library/Frameworks/ApplicationServices.framework/Versions/A/ApplicationServices
0x00000000219f5000 	/usr/lib/libz.1.dylib
0x00000000219f5000 	/usr/lib/libSystem.B.dylib
0x00000000219f5000 	/usr/lib/libobjc.A.dylib
0x00000000219f5000 	/System/Library/Frameworks/CoreFoundation.framework/Versions/A/CoreFoundation
0x00000000219f5000 	/System/Library/Frameworks/Foundation.framework/Versions/C/Foundation
0x00000000219f5000 	/System/Library/Frameworks/AppKit.framework/Versions/C/AppKit
0x00000000219f5000 	/System/Library/Frameworks/CoreData.framework/Versions/A/CoreData
0x00000000219f5000 	/System/Library/PrivateFrameworks/RemoteViewServices.framework/Versions/A/RemoteViewServices
0x00000000219f5000 	/System/Library/PrivateFrameworks/UIFoundation.framework/Versions/A/UIFoundation
0x00000000219f5000 	/System/Library/PrivateFrameworks/XCTTargetBootstrap.framework/Versions/A/XCTTargetBootstrap
0x00000000219f5000 	/System/Library/Frameworks/CoreDisplay.framework/Versions/A/CoreDisplay
0x00000000219f5000 	/System/Library/PrivateFrameworks/IconServices.framework/Versions/A/IconServices
0x00000000219f5000 	/System/Library/Frameworks/Metal.framework/Versions/A/Metal
0x00000000219f5000 	/System/Library/PrivateFrameworks/DesktopServicesPriv.framework/Versions/A/DesktopServicesPriv
0x00000000219f5000 	/usr/lib/libenergytrace.dylib
0x00000000219f5000 	/System/Library/PrivateFrameworks/SkyLight.framework/Versions/A/SkyLight
0x00000000219f5000 	/System/Library/Frameworks/CoreGraphics.framework/Versions/A/CoreGraphics
0x00000000219f5000 	/System/Library/Frameworks/Accelerate.framework/Versions/A/Accelerate
0x00000000219f5000 	/System/Library/Frameworks/IOSurface.framework/Versions/A/IOSurface
0x00000000219f5000 	/System/Library/PrivateFrameworks/DFRFoundation.framework/Versions/A/DFRFoundation
0x00000000219f5000 	/System/Library/Frameworks/AudioToolbox.framework/Versions/A/AudioToolbox
0x00000000219f5000 	/System/Library/Frameworks/AudioUnit.framework/Versions/A/AudioUnit
0x00000000219f5000 	/System/Library/PrivateFrameworks/DataDetectorsCore.framework/Versions/A/DataDetectorsCore
0x00000000219f5000 	/System/Library/Frameworks/Carbon.framework/Versions/A/Frameworks/HIToolbox.framework/Versions/A/HIToolbox
0x00000000219f5000 	/usr/lib/libicucore.A.dylib
0x00000000219f5000 	/System/Library/Frameworks/QuartzCore.framework/Versions/A/QuartzCore
0x00000000219f5000 	/System/Library/Frameworks/Carbon.framework/Versions/A/Frameworks/SpeechRecognition.framework/Versions/A/SpeechRecognition
0x00000000219f5000 	/usr/lib/libauto.dylib
0x00000000219f5000 	/usr/lib/libxml2.2.dylib
0x00000000219f5000 	/System/Library/PrivateFrameworks/CoreUI.framework/Versions/A/CoreUI
0x00000000219f5000 	/System/Library/Frameworks/CoreAudio.framework/Versions/A/CoreAudio
0x00000000219f5000 	/System/Library/Frameworks/DiskArbitration.framework/Versions/A/DiskArbitration
0x00000000219f5000 	/usr/lib/liblangid.dylib
0x00000000219f5000 	/System/Library/PrivateFrameworks/MultitouchSupport.framework/Versions/A/MultitouchSupport
0x00000000219f5000 	/System/Library/Frameworks/IOKit.framework/Versions/A/IOKit
0x00000000219f5000 	/usr/lib/libDiagnosticMessagesClient.dylib
0x00000000219f5000 	/System/Library/Frameworks/CoreServices.framework/Versions/A/CoreServices
0x00000000219f5000 	/System/Library/PrivateFrameworks/PerformanceAnalysis.framework/Versions/A/PerformanceAnalysis
0x00000000219f5000 	/System/Library/Frameworks/OpenGL.framework/Versions/A/OpenGL
0x00000000219f5000 	/System/Library/Frameworks/ColorSync.framework/Versions/A/ColorSync
0x00000000219f5000 	/System/Library/Frameworks/CoreImage.framework/Versions/A/CoreImage
0x00000000219f5000 	/System/Library/Frameworks/CoreText.framework/Versions/A/CoreText
0x00000000219f5000 	/System/Library/Frameworks/ImageIO.framework/Versions/A/ImageIO
0x00000000219f5000 	/System/Library/PrivateFrameworks/Backup.framework/Versions/A/Backup
0x00000000219f5000 	/usr/lib/libarchive.2.dylib
0x00000000219f5000 	/System/Library/Frameworks/CFNetwork.framework/Versions/A/CFNetwork
0x00000000219f5000 	/System/Library/Frameworks/SystemConfiguration.framework/Versions/A/SystemConfiguration
0x00000000219f5000 	/usr/lib/libCRFSuite.dylib
0x00000000219f5000 	/usr/lib/libc++.1.dylib
0x00000000219f5000 	/usr/lib/libc++abi.dylib
0x00000000219f5000 	/usr/lib/system/libcache.dylib
0x00000000219f5000 	/usr/lib/system/libcommonCrypto.dylib
0x00000000219f5000 	/usr/lib/system/libcompiler_rt.dylib
0x00000000219f5000 	/usr/lib/system/libcopyfile.dylib
0x00000000219f5000 	/usr/lib/system/libcorecrypto.dylib
0x00000000219f5000 	/usr/lib/system/libdispatch.dylib
0x00000000219f5000 	/usr/lib/system/libdyld.dylib
0x00000000219f5000 	/usr/lib/system/libkeymgr.dylib
0x00000000219f5000 	/usr/lib/system/liblaunch.dylib
0x00000000219f5000 	/usr/lib/system/libmacho.dylib
0x00000000219f5000 	/usr/lib/system/libquarantine.dylib
0x00000000219f5000 	/usr/lib/system/libremovefile.dylib
0x00000000219f5000 	/usr/lib/system/libsystem_asl.dylib
0x00000000219f5000 	/usr/lib/system/libsystem_blocks.dylib
0x00000000219f5000 	/usr/lib/system/libsystem_c.dylib
0x00000000219f5000 	/usr/lib/system/libsystem_configuration.dylib
0x00000000219f5000 	/usr/lib/system/libsystem_coreservices.dylib
0x00000000219f5000 	/usr/lib/system/libsystem_darwin.dylib
0x00000000219f5000 	/usr/lib/system/libsystem_dnssd.dylib
0x00000000219f5000 	/usr/lib/system/libsystem_info.dylib
0x00000000219f5000 	/usr/lib/system/libsystem_m.dylib
0x00000000219f5000 	/usr/lib/system/libsystem_malloc.dylib
0x00000000219f5000 	/usr/lib/system/libsystem_networkextension.dylib
0x00000000219f5000 	/usr/lib/system/libsystem_notify.dylib
0x00000000219f5000 	/usr/lib/system/libsystem_sandbox.dylib
0x00000000219f5000 	/usr/lib/system/libsystem_secinit.dylib
0x00000000219f5000 	/usr/lib/system/libsystem_kernel.dylib
0x00000000219f5000 	/usr/lib/system/libsystem_platform.dylib
0x00000000219f5000 	/usr/lib/system/libsystem_pthread.dylib
0x00000000219f5000 	/usr/lib/system/libsystem_symptoms.dylib
0x00000000219f5000 	/usr/lib/system/libsystem_trace.dylib
0x00000000219f5000 	/usr/lib/system/libunwind.dylib
0x00000000219f5000 	/usr/lib/system/libxpc.dylib
0x00000000219f5000 	/usr/lib/libbsm.0.dylib
0x00000000219f5000 	/usr/lib/system/libkxld.dylib
0x00000000219f5000 	/System/Library/PrivateFrameworks/AppleFSCompression.framework/Versions/A/AppleFSCompression
0x00000000219f5000 	/usr/lib/libOpenScriptingUtil.dylib
0x00000000219f5000 	/usr/lib/libcoretls.dylib
0x00000000219f5000 	/usr/lib/libcoretls_cfhelpers.dylib
0x00000000219f5000 	/usr/lib/libpam.2.dylib
0x00000000219f5000 	/usr/lib/libsqlite3.dylib
0x00000000219f5000 	/usr/lib/libxar.1.dylib
0x00000000219f5000 	/usr/lib/libbz2.1.0.dylib
0x00000000219f5000 	/usr/lib/liblzma.5.dylib
0x00000000219f5000 	/usr/lib/libnetwork.dylib
0x00000000219f5000 	/usr/lib/libapple_nghttp2.dylib
0x00000000219f5000 	/usr/lib/libpcap.A.dylib
0x00000000219f5000 	/System/Library/Frameworks/CoreServices.framework/Versions/A/Frameworks/FSEvents.framework/Versions/A/FSEvents
0x00000000219f5000 	/System/Library/Frameworks/CoreServices.framework/Versions/A/Frameworks/CarbonCore.framework/Versions/A/CarbonCore
0x00000000219f5000 	/System/Library/Frameworks/CoreServices.framework/Versions/A/Frameworks/Metadata.framework/Versions/A/Metadata
0x00000000219f5000 	/System/Library/Frameworks/CoreServices.framework/Versions/A/Frameworks/OSServices.framework/Versions/A/OSServices
0x00000000219f5000 	/System/Library/Frameworks/CoreServices.framework/Versions/A/Frameworks/SearchKit.framework/Versions/A/SearchKit
0x00000000219f5000 	/System/Library/Frameworks/CoreServices.framework/Versions/A/Frameworks/AE.framework/Versions/A/AE
0x00000000219f5000 	/System/Library/Frameworks/CoreServices.framework/Versions/A/Frameworks/LaunchServices.framework/Versions/A/LaunchServices
0x00000000219f5000 	/System/Library/Frameworks/CoreServices.framework/Versions/A/Frameworks/DictionaryServices.framework/Versions/A/DictionaryServices
0x00000000219f5000 	/System/Library/Frameworks/CoreServices.framework/Versions/A/Frameworks/SharedFileList.framework/Versions/A/SharedFileList
0x00000000219f5000 	/System/Library/Frameworks/NetFS.framework/Versions/A/NetFS
0x00000000219f5000 	/System/Library/PrivateFrameworks/NetAuth.framework/Versions/A/NetAuth
0x00000000219f5000 	/System/Library/PrivateFrameworks/login.framework/Versions/A/Frameworks/loginsupport.framework/Versions/A/loginsupport
0x00000000219f5000 	/System/Library/PrivateFrameworks/TCC.framework/Versions/A/TCC
0x00000000219f5000 	/System/Library/PrivateFrameworks/CoreNLP.framework/Versions/A/CoreNLP
0x00000000219f5000 	/System/Library/PrivateFrameworks/MetadataUtilities.framework/Versions/A/MetadataUtilities
0x00000000219f5000 	/usr/lib/libmecabra.dylib
0x00000000219f5000 	/System/Library/Frameworks/ApplicationServices.framework/Versions/A/Frameworks/ATS.framework/Versions/A/ATS
0x00000000219f5000 	/System/Library/Frameworks/ApplicationServices.framework/Versions/A/Frameworks/ColorSyncLegacy.framework/Versions/A/ColorSyncLegacy
0x00000000219f5000 	/System/Library/Frameworks/ApplicationServices.framework/Versions/A/Frameworks/HIServices.framework/Versions/A/HIServices
0x00000000219f5000 	/System/Library/Frameworks/ApplicationServices.framework/Versions/A/Frameworks/LangAnalysis.framework/Versions/A/LangAnalysis
0x00000000219f5000 	/System/Library/Frameworks/ApplicationServices.framework/Versions/A/Frameworks/PrintCore.framework/Versions/A/PrintCore
0x00000000219f5000 	/System/Library/Frameworks/ApplicationServices.framework/Versions/A/Frameworks/QD.framework/Versions/A/QD
0x00000000219f5000 	/System/Library/Frameworks/ApplicationServices.framework/Versions/A/Frameworks/SpeechSynthesis.framework/Versions/A/SpeechSynthesis
0x00000000219f5000 	/usr/lib/libcompression.dylib
0x00000000219f5000 	/System/Library/Frameworks/MetalPerformanceShaders.framework/Versions/A/MetalPerformanceShaders
0x00000000219f5000 	/System/Library/Frameworks/Accelerate.framework/Versions/A/Frameworks/vImage.framework/Versions/A/vImage
0x00000000219f5000 	/System/Library/Frameworks/Accelerate.framework/Versions/A/Frameworks/vecLib.framework/Versions/A/vecLib
0x00000000219f5000 	/System/Library/Frameworks/Accelerate.framework/Versions/A/Frameworks/vecLib.framework/Versions/A/libvMisc.dylib
0x00000000219f5000 	/System/Library/Frameworks/Accelerate.framework/Versions/A/Frameworks/vecLib.framework/Versions/A/libvDSP.dylib
0x00000000219f5000 	/System/Library/Frameworks/Accelerate.framework/Versions/A/Frameworks/vecLib.framework/Versions/A/libBLAS.dylib
0x00000000219f5000 	/System/Library/Frameworks/Accelerate.framework/Versions/A/Frameworks/vecLib.framework/Versions/A/libLAPACK.dylib
0x00000000219f5000 	/System/Library/Frameworks/Accelerate.framework/Versions/A/Frameworks/vecLib.framework/Versions/A/libLinearAlgebra.dylib
0x00000000219f5000 	/System/Library/Frameworks/Accelerate.framework/Versions/A/Frameworks/vecLib.framework/Versions/A/libSparseBLAS.dylib
0x00000000219f5000 	/System/Library/Frameworks/Accelerate.framework/Versions/A/Frameworks/vecLib.framework/Versions/A/libQuadrature.dylib
0x00000000219f5000 	/System/Library/Frameworks/Accelerate.framework/Versions/A/Frameworks/vecLib.framework/Versions/A/libBNNS.dylib
0x00000000219f5000 	/System/Library/Frameworks/Accelerate.framework/Versions/A/Frameworks/vecLib.framework/Versions/A/libSparse.dylib
0x00000000219f5000 	/System/Library/PrivateFrameworks/GPUWrangler.framework/Versions/A/GPUWrangler
0x00000000219f5000 	/System/Library/PrivateFrameworks/IOAccelerator.framework/Versions/A/IOAccelerator
0x00000000219f5000 	/System/Library/PrivateFrameworks/IOPresentment.framework/Versions/A/IOPresentment
0x00000000219f5000 	/System/Library/PrivateFrameworks/DSExternalDisplay.framework/Versions/A/DSExternalDisplay
0x00000000219f5000 	/System/Library/Frameworks/OpenGL.framework/Versions/A/Libraries/libCoreFSCache.dylib
0x00000000219f5000 	/System/Library/Frameworks/MetalPerformanceShaders.framework/Frameworks/MPSCore.framework/Versions/A/MPSCore
0x00000000219f5000 	/System/Library/Frameworks/MetalPerformanceShaders.framework/Frameworks/MPSImage.framework/Versions/A/MPSImage
0x00000000219f5000 	/System/Library/Frameworks/MetalPerformanceShaders.framework/Frameworks/MPSNeuralNetwork.framework/Versions/A/MPSNeuralNetwork
0x00000000219f5000 	/System/Library/Frameworks/MetalPerformanceShaders.framework/Frameworks/MPSMatrix.framework/Versions/A/MPSMatrix
0x00000000219f5000 	/System/Library/Frameworks/MetalPerformanceShaders.framework/Frameworks/MPSRayIntersector.framework/Versions/A/MPSRayIntersector
0x00000000219f5000 	/System/Library/PrivateFrameworks/MetalTools.framework/Versions/A/MetalTools
0x00000000219f5000 	/System/Library/PrivateFrameworks/AggregateDictionary.framework/Versions/A/AggregateDictionary
0x00000000219f5000 	/usr/lib/libMobileGestalt.dylib
0x00000000219f5000 	/System/Library/Frameworks/CoreVideo.framework/Versions/A/CoreVideo
0x00000000219f5000 	/System/Library/PrivateFrameworks/GraphVisualizer.framework/Versions/A/GraphVisualizer
0x00000000219f5000 	/System/Library/PrivateFrameworks/FaceCore.framework/Versions/A/FaceCore
0x00000000219f5000 	/System/Library/Frameworks/OpenCL.framework/Versions/A/OpenCL
0x00000000219f5000 	/usr/lib/libFosl_dynamic.dylib
0x00000000219f5000 	/System/Library/PrivateFrameworks/OTSVG.framework/Versions/A/OTSVG
0x00000000219f5000 	/System/Library/Frameworks/ApplicationServices.framework/Versions/A/Frameworks/ATS.framework/Versions/A/Resources/libFontParser.dylib
0x00000000219f5000 	/System/Library/Frameworks/ApplicationServices.framework/Versions/A/Frameworks/ATS.framework/Versions/A/Resources/libFontRegistry.dylib
0x00000000219f5000 	/System/Library/Frameworks/ImageIO.framework/Versions/A/Resources/libJPEG.dylib
0x00000000219f5000 	/System/Library/Frameworks/ImageIO.framework/Versions/A/Resources/libTIFF.dylib
0x00000000219f5000 	/System/Library/Frameworks/ImageIO.framework/Versions/A/Resources/libPng.dylib
0x00000000219f5000 	/System/Library/Frameworks/ImageIO.framework/Versions/A/Resources/libGIF.dylib
0x00000000219f5000 	/System/Library/Frameworks/ImageIO.framework/Versions/A/Resources/libJP2.dylib
0x00000000219f5000 	/System/Library/Frameworks/ImageIO.framework/Versions/A/Resources/libRadiance.dylib
0x00000000219f5000 	/System/Library/PrivateFrameworks/AppleJPEG.framework/Versions/A/AppleJPEG
0x00000000219f5000 	/System/Library/Frameworks/OpenGL.framework/Versions/A/Libraries/libGFXShared.dylib
0x00000000219f5000 	/System/Library/Frameworks/OpenGL.framework/Versions/A/Libraries/libGLU.dylib
0x00000000219f5000 	/System/Library/Frameworks/OpenGL.framework/Versions/A/Libraries/libGL.dylib
0x00000000219f5000 	/System/Library/Frameworks/OpenGL.framework/Versions/A/Libraries/libGLImage.dylib
0x00000000219f5000 	/System/Library/Frameworks/OpenGL.framework/Versions/A/Libraries/libCVMSPluginSupport.dylib
0x00000000219f5000 	/System/Library/Frameworks/OpenGL.framework/Versions/A/Libraries/libCoreVMClient.dylib
0x00000000219f5000 	/usr/lib/libcups.2.dylib
0x00000000219f5000 	/System/Library/Frameworks/Kerberos.framework/Versions/A/Kerberos
0x00000000219f5000 	/System/Library/Frameworks/GSS.framework/Versions/A/GSS
0x00000000219f5000 	/usr/lib/libresolv.9.dylib
0x00000000219f5000 	/usr/lib/libiconv.2.dylib
0x00000000219f5000 	/System/Library/PrivateFrameworks/Heimdal.framework/Versions/A/Heimdal
0x00000000219f5000 	/usr/lib/libheimdal-asn1.dylib
0x00000000219f5000 	/System/Library/Frameworks/OpenDirectory.framework/Versions/A/OpenDirectory
0x00000000219f5000 	/System/Library/PrivateFrameworks/CommonAuth.framework/Versions/A/CommonAuth
0x00000000219f5000 	/System/Library/Frameworks/OpenDirectory.framework/Versions/A/Frameworks/CFOpenDirectory.framework/Versions/A/CFOpenDirectory
0x00000000219f5000 	/System/Library/Frameworks/SecurityFoundation.framework/Versions/A/SecurityFoundation
0x00000000219f5000 	/System/Library/PrivateFrameworks/APFS.framework/Versions/A/APFS
0x00000000219f5000 	/usr/lib/libutil.dylib
0x00000000219f5000 	/usr/lib/libcharset.1.dylib
0x00000000219f5000 	/System/Library/PrivateFrameworks/AppleSauce.framework/Versions/A/AppleSauce
0x00000000219f5000 	/System/Library/PrivateFrameworks/AssertionServices.framework/Versions/A/AssertionServices
0x00000000219f5000 	/System/Library/PrivateFrameworks/BaseBoard.framework/Versions/A/BaseBoard
0x00000000219f5000 	/usr/lib/libmecab.1.0.0.dylib
0x00000000219f5000 	/usr/lib/libgermantok.dylib
0x00000000219f5000 	/usr/lib/libThaiTokenizer.dylib
0x00000000219f5000 	/usr/lib/libChineseTokenizer.dylib
0x00000000219f5000 	/System/Library/PrivateFrameworks/LanguageModeling.framework/Versions/A/LanguageModeling
0x00000000219f5000 	/System/Library/PrivateFrameworks/CoreEmoji.framework/Versions/A/CoreEmoji
0x00000000219f5000 	/System/Library/PrivateFrameworks/Lexicon.framework/Versions/A/Lexicon
0x00000000219f5000 	/System/Library/PrivateFrameworks/LinguisticData.framework/Versions/A/LinguisticData
0x00000000219f5000 	/usr/lib/libcmph.dylib
0x00000000219f5000 	/System/Library/Frameworks/ServiceManagement.framework/Versions/A/ServiceManagement
0x00000000219f5000 	/System/Library/PrivateFrameworks/BackgroundTaskManagement.framework/Versions/A/BackgroundTaskManagement
0x00000000219f5000 	/usr/lib/libxslt.1.dylib
0x00000000219f5000 	/System/Library/Frameworks/Carbon.framework/Versions/A/Frameworks/Ink.framework/Versions/A/Ink
0x00000000219f5000 	/System/Library/PrivateFrameworks/TextureIO.framework/Versions/A/TextureIO
0x00000000219f5000 	/usr/lib/libate.dylib
0x00000000219f5000 	/System/Library/PrivateFrameworks/CrashReporterSupport.framework/Versions/A/CrashReporterSupport
0x00000000219f5000 	/System/Library/PrivateFrameworks/Sharing.framework/Versions/A/Sharing
0x00000000219f5000 	/System/Library/PrivateFrameworks/AuthKit.framework/Versions/A/AuthKit
0x00000000219f5000 	/System/Library/PrivateFrameworks/Apple80211.framework/Versions/A/Apple80211
0x00000000219f5000 	/System/Library/PrivateFrameworks/CoreUtils.framework/Versions/A/CoreUtils
0x00000000219f5000 	/System/Library/Frameworks/CoreWLAN.framework/Versions/A/CoreWLAN
0x00000000219f5000 	/System/Library/Frameworks/IOBluetooth.framework/Versions/A/IOBluetooth
0x00000000219f5000 	/System/Library/PrivateFrameworks/ProtocolBuffer.framework/Versions/A/ProtocolBuffer
0x00000000219f5000 	/System/Library/PrivateFrameworks/MobileKeyBag.framework/Versions/A/MobileKeyBag
0x00000000219f5000 	/System/Library/PrivateFrameworks/CorePhoneNumbers.framework/Versions/A/CorePhoneNumbers
0x00000000219f5000 	/System/Library/PrivateFrameworks/AppleIDAuthSupport.framework/Versions/A/AppleIDAuthSupport
0x00000000219f5000 	/System/Library/PrivateFrameworks/KeychainCircle.framework/Versions/A/KeychainCircle
0x00000000219f5000 	/System/Library/PrivateFrameworks/ROCKit.framework/Versions/A/ROCKit
0x00000000219f5000 	/System/Library/PrivateFrameworks/CoreWiFi.framework/Versions/A/CoreWiFi
0x00000000219f5000 	/System/Library/Frameworks/CoreBluetooth.framework/Versions/A/CoreBluetooth
0x00000000219f5000 	/System/Library/PrivateFrameworks/DebugSymbols.framework/Versions/A/DebugSymbols
0x00000000219f5000 	/System/Library/PrivateFrameworks/CoreSymbolication.framework/Versions/A/CoreSymbolication
0x00000000219f5000 	/System/Library/PrivateFrameworks/Symbolication.framework/Versions/A/Symbolication
0x00000000219f5000 	/System/Library/PrivateFrameworks/SpeechRecognitionCore.framework/Versions/A/SpeechRecognitionCore
0x0000000103600000 	/Library/Java/JavaVirtualMachines/jdk1.8.0_121.jdk/Contents/Home/jre/lib/server/libjvm.dylib
0x00000000219f5000 	/usr/lib/libstdc++.6.dylib
0x0000000102dd8000 	/Library/Java/JavaVirtualMachines/jdk1.8.0_121.jdk/Contents/Home/jre/lib/libverify.dylib
0x00000001045a2000 	/Library/Java/JavaVirtualMachines/jdk1.8.0_121.jdk/Contents/Home/jre/lib/libjava.dylib
0x0000000102df0000 	/Library/Java/JavaVirtualMachines/jdk1.8.0_121.jdk/Contents/Home/jre/lib/libzip.dylib
0x00000000219f5000 	/System/Library/Frameworks/JavaVM.framework/Versions/A/Frameworks/JavaRuntimeSupport.framework/Versions/A/JavaRuntimeSupport
0x00000000219f5000 	/System/Library/Frameworks/JavaVM.framework/Versions/A/Frameworks/JavaNativeFoundation.framework/Versions/A/JavaNativeFoundation
0x00000000219f5000 	/System/Library/Frameworks/JavaVM.framework/Versions/A/JavaVM
0x00000000219f5000 	/System/Library/Frameworks/Carbon.framework/Versions/A/Carbon
0x00000000219f5000 	/System/Library/PrivateFrameworks/JavaLaunching.framework/Versions/A/JavaLaunching
0x00000000219f5000 	/System/Library/Frameworks/Carbon.framework/Versions/A/Frameworks/CommonPanels.framework/Versions/A/CommonPanels
0x00000000219f5000 	/System/Library/Frameworks/Carbon.framework/Versions/A/Frameworks/Help.framework/Versions/A/Help
0x00000000219f5000 	/System/Library/Frameworks/Carbon.framework/Versions/A/Frameworks/ImageCapture.framework/Versions/A/ImageCapture
0x00000000219f5000 	/System/Library/Frameworks/Carbon.framework/Versions/A/Frameworks/OpenScripting.framework/Versions/A/OpenScripting
0x00000000219f5000 	/System/Library/Frameworks/Carbon.framework/Versions/A/Frameworks/Print.framework/Versions/A/Print
0x00000000219f5000 	/System/Library/Frameworks/Carbon.framework/Versions/A/Frameworks/SecurityHI.framework/Versions/A/SecurityHI
0x0000000107107000 	/Library/Java/JavaVirtualMachines/jdk1.8.0_121.jdk/Contents/Home/jre/lib/libprism_es2.dylib
0x00000000219f5000 	/System/Library/PrivateFrameworks/CoreServicesInternal.framework/Versions/A/CoreServicesInternal
0x00000000219f5000 	/System/Library/Frameworks/OpenGL.framework/Versions/A/Resources/GLEngine.bundle/GLEngine
0x00000000219f5000 	/System/Library/Frameworks/OpenGL.framework/Versions/A/Libraries/libGLProgrammability.dylib
0x00000000219f5000 	/System/Library/Extensions/AppleIntelBDWGraphicsGLDriver.bundle/Contents/MacOS/AppleIntelBDWGraphicsGLDriver
0x00000000219f5000 	/System/Library/PrivateFrameworks/GPUSupport.framework/Versions/A/Libraries/libGPUSupportMercury.dylib
0x00000000219f5000 	/System/Library/Frameworks/OpenGL.framework/Versions/A/Resources/GLRendererFloat.bundle/GLRendererFloat
0x00000000219f5000 	/System/Library/Frameworks/OpenCL.framework/Versions/A/Libraries/libcldcpuengine.dylib
0x00000000219f5000 	/usr/lib/libcrypto.35.dylib
0x00000000219f5000 	/System/Library/PrivateFrameworks/TrustEvaluationAgent.framework/Versions/A/TrustEvaluationAgent
0x0000000107a1e000 	/Library/Java/JavaVirtualMachines/jdk1.8.0_121.jdk/Contents/Home/jre/lib/libglass.dylib
0x00000000219f5000 	/System/Library/CoreServices/RawCamera.bundle/Contents/MacOS/RawCamera
0x00000000219f5000 	/System/Library/PrivateFrameworks/MobileAsset.framework/Versions/A/MobileAsset
0x00000000219f5000 	/System/Library/PrivateFrameworks/StreamingZip.framework/Versions/A/StreamingZip
0x00000000219f5000 	/System/Library/Frameworks/MediaToolbox.framework/Versions/A/MediaToolbox
0x00000000219f5000 	/System/Library/PrivateFrameworks/CoreAVCHD.framework/Versions/A/CoreAVCHD
0x00000000219f5000 	/System/Library/Frameworks/MediaAccessibility.framework/Versions/A/MediaAccessibility
0x00000000219f5000 	/System/Library/PrivateFrameworks/Mangrove.framework/Versions/A/Mangrove
0x00000000219f5000 	/System/Library/Frameworks/CoreMedia.framework/Versions/A/CoreMedia
0x00000000219f5000 	/System/Library/Frameworks/VideoToolbox.framework/Versions/A/VideoToolbox
0x00000000219f5000 	/System/Library/PrivateFrameworks/CoreAUC.framework/Versions/A/CoreAUC
0x00000000219f5000 	/usr/lib/libspindump.dylib
0x00000000219f5000 	/System/Library/PrivateFrameworks/AppleVA.framework/Versions/A/AppleVA
0x00000000219f5000 	/System/Library/Frameworks/Accelerate.framework/Versions/A/Frameworks/vImage.framework/Versions/A/Libraries/libCGInterfaces.dylib
0x00000000219f5000 	/System/Library/PrivateFrameworks/FamilyControls.framework/Versions/A/FamilyControls
0x00000000219f5000 	/System/Library/PrivateFrameworks/CommerceKit.framework/Versions/A/Frameworks/CommerceCore.framework/Versions/A/CommerceCore
0x00000000219f5000 	/System/Library/PrivateFrameworks/SystemAdministration.framework/Versions/A/SystemAdministration
0x00000000219f5000 	/System/Library/PrivateFrameworks/AppContainer.framework/Versions/A/AppContainer
0x00000000219f5000 	/System/Library/PrivateFrameworks/AppSandbox.framework/Versions/A/AppSandbox
0x00000000219f5000 	/System/Library/PrivateFrameworks/SecCodeWrapper.framework/Versions/A/SecCodeWrapper
0x00000000219f5000 	/usr/lib/libsandbox.1.dylib
0x00000000219f5000 	/usr/lib/libMatch.1.dylib
0x00000000219f5000 	/System/Library/PrivateFrameworks/DiskManagement.framework/Versions/A/DiskManagement
0x00000000219f5000 	/System/Library/Frameworks/DirectoryService.framework/Versions/A/DirectoryService
0x00000000219f5000 	/System/Library/PrivateFrameworks/DiskImages.framework/Versions/A/DiskImages
0x00000000219f5000 	/System/Library/PrivateFrameworks/LoginUIKit.framework/Versions/A/Frameworks/LoginUICore.framework/Versions/A/LoginUICore
0x00000000219f5000 	/usr/lib/libCoreStorage.dylib
0x00000000219f5000 	/usr/lib/libcsfde.dylib
0x00000000219f5000 	/usr/lib/libodfde.dylib
0x00000000219f5000 	/System/Library/PrivateFrameworks/MediaKit.framework/Versions/A/MediaKit
0x00000000219f5000 	/System/Library/Frameworks/DiscRecording.framework/Versions/A/DiscRecording
0x00000000219f5000 	/System/Library/PrivateFrameworks/EFILogin.framework/Versions/A/EFILogin
0x00000000219f5000 	/System/Library/PrivateFrameworks/ProtectedCloudStorage.framework/Versions/A/ProtectedCloudStorage
0x00000000219f5000 	/usr/lib/libcurl.4.dylib
0x00000000219f5000 	/usr/lib/libcrypto.42.dylib
0x00000000219f5000 	/usr/lib/libssl.44.dylib
0x00000000219f5000 	/System/Library/Frameworks/LDAP.framework/Versions/A/LDAP
0x00000000219f5000 	/usr/lib/libsasl2.2.dylib
0x00000000219f5000 	/System/Library/PrivateFrameworks/CoreDaemon.framework/Versions/B/CoreDaemon
0x00000000219f5000 	/System/Library/PrivateFrameworks/AppleSRP.framework/Versions/A/AppleSRP
0x00000000219f5000 	/System/Library/PrivateFrameworks/ViewBridge.framework/Versions/A/ViewBridge
0x00000000219f5000 	/System/Library/Frameworks/ApplicationServices.framework/Versions/A/Frameworks/ATS.framework/Versions/A/Resources/libTrueTypeScaler.dylib
0x00000000219f5000 	/System/Library/Extensions/AppleIntelBDWGraphicsMTLDriver.bundle/Contents/MacOS/AppleIntelBDWGraphicsMTLDriver
0x00000000219f5000 	/System/Library/PrivateFrameworks/GPUCompiler.framework/Versions/3902/Libraries/libmetal_timestamp.dylib
0x00000001202fb000 	/Library/Java/JavaVirtualMachines/jdk1.8.0_121.jdk/Contents/Home/jre/lib/libjavafx_font.dylib
0x0000000120508000 	/usr/lib/libobjc-trampolines.dylib
0x0000000121b38000 	/Library/Java/JavaVirtualMachines/jdk1.8.0_121.jdk/Contents/Home/jre/lib/libprism_common.dylib
0x000000011fba4000 	/Library/Java/JavaVirtualMachines/jdk1.8.0_121.jdk/Contents/Home/jre/lib/libjavafx_iio.dylib
0x000000011fbe2000 	/Library/Java/JavaVirtualMachines/jdk1.8.0_121.jdk/Contents/Home/jre/lib/libawt.dylib
0x000000011fc8a000 	/Library/Java/JavaVirtualMachines/jdk1.8.0_121.jdk/Contents/Home/jre/lib/./libmlib_image.dylib
0x000000012075d000 	/Library/Java/JavaVirtualMachines/jdk1.8.0_121.jdk/Contents/Home/jre/lib/libawt_lwawt.dylib
0x000000011f978000 	/Library/Java/JavaVirtualMachines/jdk1.8.0_121.jdk/Contents/Home/jre/lib/./libosxapp.dylib
0x00000000219f5000 	/System/Library/Frameworks/ExceptionHandling.framework/Versions/A/ExceptionHandling
0x0000000120814000 	/Library/Java/JavaVirtualMachines/jdk1.8.0_121.jdk/Contents/Home/jre/lib/libfontmanager.dylib
0x00000001075ee000 	/Library/Java/JavaVirtualMachines/jdk1.8.0_121.jdk/Contents/Home/jre/lib/libosxui.dylib
0x0000000126e90000 	/Library/Java/JavaVirtualMachines/jdk1.8.0_121.jdk/Contents/Home/jre/lib/libnet.dylib
0x0000000121b56000 	/Library/Java/JavaVirtualMachines/jdk1.8.0_121.jdk/Contents/Home/jre/lib/libnio.dylib

VM Arguments:
jvm_args: -Dfile.encoding=UTF-8 
java_command: view.Board
java_class_path (initial): /Users/shreyesh/Desktop/School & Job/SPR20/OOP/project3_OOP/Project3/build/classes
Launcher Type: SUN_STANDARD

Environment Variables:
PATH=/usr/bin:/bin:/usr/sbin:/sbin
LD_LIBRARY_PATH=/Library/Java/JavaVirtualMachines/jdk1.8.0_121.jdk/Contents/Home/jre/lib/amd64:/Library/Java/JavaVirtualMachines/jdk1.8.0_121.jdk/Contents/Home/jre/lib/i386:
SHELL=/bin/bash
DISPLAY=/private/tmp/com.apple.launchd.IS1Q84AJEa/org.macosforge.xquartz:0

Signal Handlers:
SIGSEGV: [libjvm.dylib+0x5b1141], sa_mask[0]=11111111011111110111111111111111, sa_flags=SA_ONSTACK|SA_RESTART|SA_SIGINFO
SIGBUS: [libjvm.dylib+0x5b1141], sa_mask[0]=11111111011111110111111111111111, sa_flags=SA_RESTART|SA_SIGINFO
SIGFPE: [libjvm.dylib+0x487bc4], sa_mask[0]=11111111011111110111111111111111, sa_flags=SA_RESTART|SA_SIGINFO
SIGPIPE: [libjvm.dylib+0x487bc4], sa_mask[0]=11111111011111110111111111111111, sa_flags=SA_RESTART|SA_SIGINFO
SIGXFSZ: [libjvm.dylib+0x487bc4], sa_mask[0]=11111111011111110111111111111111, sa_flags=SA_RESTART|SA_SIGINFO
SIGILL: [libjvm.dylib+0x487bc4], sa_mask[0]=11111111011111110111111111111111, sa_flags=SA_RESTART|SA_SIGINFO
SIGUSR1: SIG_DFL, sa_mask[0]=00000000000000000000000000000000, sa_flags=none
SIGUSR2: [libjvm.dylib+0x4876e2], sa_mask[0]=00100000000000000000000000000000, sa_flags=SA_RESTART|SA_SIGINFO
SIGHUP: [libjvm.dylib+0x485cb9], sa_mask[0]=11111111011111110111111111111111, sa_flags=SA_RESTART|SA_SIGINFO
SIGINT: SIG_IGN, sa_mask[0]=00000000000000000000000000000000, sa_flags=none
SIGTERM: [libjvm.dylib+0x485cb9], sa_mask[0]=11111111011111110111111111111111, sa_flags=SA_RESTART|SA_SIGINFO
SIGQUIT: [libjvm.dylib+0x485cb9], sa_mask[0]=11111111011111110111111111111111, sa_flags=SA_RESTART|SA_SIGINFO


---------------  S Y S T E M  ---------------

OS:Bsduname:Darwin 18.6.0 Darwin Kernel Version 18.6.0: Thu Apr 25 23:16:27 PDT 2019; root:xnu-4903.261.4~2/RELEASE_X86_64 x86_64
rlimit: STACK 8192k, CORE 0k, NPROC 709, NOFILE 10240, AS infinity
load average:2.93 2.98 2.91

CPU:total 4 (2 cores per cpu, 2 threads per core) family 6 model 61 stepping 4, cmov, cx8, fxsr, mmx, sse, sse2, sse3, ssse3, sse4.1, sse4.2, popcnt, avx, avx2, aes, clmul, erms, 3dnowpref, lzcnt, ht, tsc, tscinvbit, bmi1, bmi2, adx

Memory: 4k page, physical 8388608k(198496k free)

/proc/meminfo:


vm_info: Java HotSpot(TM) 64-Bit Server VM (25.121-b13) for bsd-amd64 JRE (1.8.0_121-b13), built on Dec 12 2016 20:39:32 by "java_re" with gcc 4.2.1 (Based on Apple Inc. build 5658) (LLVM build 2336.11.00)

time: Tue May  5 19:52:16 2020
elapsed time: 60 seconds (0d 0h 1m 0s)

